Traceback (most recent call last):

--- Testing Redis Connection to redis://127.0.0.1:6379 ---
  File "C:\Users\adars\Desktop\Project\StreamLink\test_backend_integration.py", line 24, in test_redis
    print("\u2705 Redis PING successful.")
  File "C:\Users\adars\AppData\Local\Programs\Python\Python310\lib\encodings\cp1252.py", line 19, in encode
    return codecs.charmap_encode(input,self.errors,encoding_table)[0]
UnicodeEncodeError: 'charmap' codec can't encode character '\u2705' in position 0: character maps to <undefined>

During handling of the above exception, another exception occurred:

Traceback (most recent call last):
  File "C:\Users\adars\Desktop\Project\StreamLink\test_backend_integration.py", line 77, in <module>
    asyncio.run(main())
  File "C:\Users\adars\AppData\Local\Programs\Python\Python310\lib\asyncio\runners.py", line 44, in run
    return loop.run_until_complete(main)
  File "C:\Users\adars\AppData\Local\Programs\Python\Python310\lib\asyncio\base_events.py", line 649, in run_until_complete
    return future.result()
  File "C:\Users\adars\Desktop\Project\StreamLink\test_backend_integration.py", line 73, in main
    await test_redis()
  File "C:\Users\adars\Desktop\Project\StreamLink\test_backend_integration.py", line 51, in test_redis
    print(f"\u274c Redis Test Failed: {e}")
  File "C:\Users\adars\AppData\Local\Programs\Python\Python310\lib\encodings\cp1252.py", line 19, in encode
    return codecs.charmap_encode(input,self.errors,encoding_table)[0]
UnicodeEncodeError: 'charmap' codec can't encode character '\u274c' in position 0: character maps to <undefined>
